2022-03-04 15:18:17,881 INFO o.a.j.u.JMeterUtils: Setting Locale to en_EN
2022-03-04 15:18:17,903 INFO o.a.j.JMeter: Loading user properties from: /usr/local/Cellar/jmeter/5.4.3/libexec/bin/user.properties
2022-03-04 15:18:17,903 INFO o.a.j.JMeter: Loading system properties from: /usr/local/Cellar/jmeter/5.4.3/libexec/bin/system.properties
2022-03-04 15:18:17,909 INFO o.a.j.JMeter: Copyright (c) 1998-2021 The Apache Software Foundation
2022-03-04 15:18:17,910 INFO o.a.j.JMeter: Version 5.4.3
2022-03-04 15:18:17,910 INFO o.a.j.JMeter: java.version=17.0.2
2022-03-04 15:18:17,910 INFO o.a.j.JMeter: java.vm.name=OpenJDK 64-Bit Server VM
2022-03-04 15:18:17,910 INFO o.a.j.JMeter: os.name=Mac OS X
2022-03-04 15:18:17,910 INFO o.a.j.JMeter: os.arch=x86_64
2022-03-04 15:18:17,910 INFO o.a.j.JMeter: os.version=12.2.1
2022-03-04 15:18:17,910 INFO o.a.j.JMeter: file.encoding=UTF-8
2022-03-04 15:18:17,910 INFO o.a.j.JMeter: java.awt.headless=null
2022-03-04 15:18:17,911 INFO o.a.j.JMeter: Max memory     =1073741824
2022-03-04 15:18:17,911 INFO o.a.j.JMeter: Available Processors =12
2022-03-04 15:18:17,919 INFO o.a.j.JMeter: Default Locale=English (EN)
2022-03-04 15:18:17,919 INFO o.a.j.JMeter: JMeter  Locale=English (EN)
2022-03-04 15:18:17,919 INFO o.a.j.JMeter: JMeterHome=/usr/local/Cellar/jmeter/5.4.3/libexec
2022-03-04 15:18:17,919 INFO o.a.j.JMeter: user.dir  =/Users/bmarquis/Crypto/solidity-swap-exchange/client
2022-03-04 15:18:17,919 INFO o.a.j.JMeter: PWD       =/Users/bmarquis/Crypto/solidity-swap-exchange/client
2022-03-04 15:18:17,949 INFO o.a.j.JMeter: IP: 192.168.132.86 Name: C02FC1ERMD6R.local FullName: 192.168.132.86
2022-03-04 15:18:18,305 INFO o.a.j.JMeter: Setting LAF to: com.github.weisj.darklaf.DarkLaf:com.github.weisj.darklaf.theme.DarculaTheme
2022-03-04 15:18:18,928 INFO o.a.j.JMeter: Loaded icon properties from org/apache/jmeter/images/icon.properties
2022-03-04 15:18:19,983 INFO o.j.r.JARSourceHTTP: Found cached repo
2022-03-04 15:18:20,096 INFO o.j.r.PluginManager: Plugins Status: [jpgc-casutg=2.10, jpgc-plugins-manager=1.7, jmeter-core=5.4.3, jmeter-ftp=5.4.3, jmeter-http=5.4.3, jmeter-jdbc=5.4.3, jmeter-jms=5.4.3, jmeter-junit=5.4.3, jmeter-java=5.4.3, jmeter-ldap=5.4.3, jmeter-mail=5.4.3, jmeter-mongodb=5.4.3, jmeter-native=5.4.3, jmeter-tcp=5.4.3, jmeter-components=5.4.3]
