Arguments: 
  /Users/bmarquis/.volta/tools/image/node/14.18.2/bin/node /Users/bmarquis/.volta/tools/image/yarn/1.22.11/bin/yarn.js install

PATH: 
  /Users/bmarquis/.volta/tools/image/yarn/1.22.11/bin:/Users/bmarquis/.volta/tools/image/node/14.18.2/bin:/Users/bmarquis/.volta/bin:./bin:./node_modules/.bin:/usr/local/sbin:/home/bjmrq/.local/bin:/Users/bmarquis/bin:/usr/local/bin:/usr/share/code/bin:/usr/local/bin:/usr/bin:/bin:/usr/sbin:/sbin:/usr/local/share/dotnet:~/.dotnet/tools:/Users/bmarquis/.cargo/bin

Yarn version: 
  1.22.11

Node version: 
  14.18.2

Platform: 
  darwin x64

Trace: 
  Error: https://raw.githubusercontent.com/Digital-MOB-Filecoin/filecoin-signing-tools-js/8f8e92157cac2556d35cab866779e9a8ea8a4e25/package.json: SSL Error: UNABLE_TO_GET_ISSUER_CERT_LOCALLY
      at Request.module.exports.Request.onRequestResponse (/Users/bmarquis/.volta/tools/image/yarn/1.22.11/lib/cli.js:141526:24)
      at ClientRequest.emit (events.js:400:28)
      at HTTPParser.parserOnIncomingClient (_http_client.js:647:27)
      at HTTPParser.parserOnHeadersComplete (_http_common.js:127:17)
      at HTTPParser.execute (<anonymous>)
      at TLSSocket.socketOnData (_http_client.js:515:22)
      at TLSSocket.emit (events.js:400:28)
      at addChunk (internal/streams/readable.js:293:12)
      at readableAddChunk (internal/streams/readable.js:267:9)
      at TLSSocket.Readable.push (internal/streams/readable.js:206:10)

npm manifest: 
  {
    "name": "openzeppelin-tokenisation",
    "version": "1.0.0",
    "description": "",
    "main": "truffle-config.js",
    "scripts": {
      "generate-types": "typechain --target=truffle-v5 --out-dir ./contracts/types './contracts/build/abis/*.json'",
      "compile": "truffle compile --network ganache && npm run generate-types",
      "migrate": "rimraf ./contracts/build/migrations && tsc -p ./tsconfig.migrate.json --outDir ./contracts/build/migrations && truffle migrate --reset --network ganache",
      "deploy-kovan": "truffle compile --network kovan && rimraf ./contracts/build/migrations && tsc -p ./tsconfig.migrate.json --outDir ./contracts/build/migrations && truffle migrate --network kovan",
      "fresh": "npm run compile && npm run generate-types && npm run migrate",
      "test": "rimraf ./contracts/build/tests && tsc -p ./tsconfig.test.json --outDir ./contracts/build/tests && truffle test --network ganache",
      "type-check": "tsc --noEmit"
    },
    "dependencies": {
      "@chainlink/contracts": "^0.4.0",
      "@openzeppelin/contracts": "^4.5.0",
      "@truffle/hdwallet-provider": "^2.0.4",
      "dotenv": "^16.0.0",
      "rimraf": "^3.0.2",
      "truffle": "5.5.4",
      "truffle-typings": "^1.0.8",
      "typechain": "^7.0.1"
    },
    "devDependencies": {
      "@typechain/truffle-v5": "^7.0.0",
      "@types/bn.js": "^5.1.0",
      "@types/chai": "^4.3.0",
      "@types/mocha": "^9.1.0",
      "@types/node": "^17.0.21",
      "@types/web3": "1.2.2",
      "typescript": "^4.6.2"
    },
    "author": "",
    "license": "ISC"
  }

yarn manifest: 
  No manifest

Lockfile: 
  No lockfile
